ERROR - 2025-07-03 07:15:36 --> Error connecting to the database: mysqli_sql_exception: No connection could be made because the target machine actively refused it in C:\laragon\www\nanda\system\Database\MySQLi\Connection.php:201
Stack trace:
#0 C:\laragon\www\nanda\system\Database\MySQLi\Connection.php(201): mysqli->real_connect('localhost', 'root', Object(SensitiveParameterValue), 'nanda', 3306, '', 0)
#1 C:\laragon\www\nanda\system\Database\BaseConnection.php(421): CodeIgniter\Database\MySQLi\Connection->connect(false)
#2 C:\laragon\www\nanda\system\Database\BaseConnection.php(620): CodeIgniter\Database\BaseConnection->initialize()
#3 C:\laragon\www\nanda\system\Database\BaseBuilder.php(1649): CodeIgniter\Database\BaseConnection->query('SELECT *\nFROM `...', Array, false)
#4 C:\laragon\www\nanda\system\Model.php(286): CodeIgniter\Database\BaseBuilder->get()
#5 C:\laragon\www\nanda\system\BaseModel.php(679): CodeIgniter\Model->doFindAll(0, 0)
#6 C:\laragon\www\nanda\app\Cells\ArticleLatest.php(21): CodeIgniter\BaseModel->findAll()
#7 C:\laragon\www\nanda\system\View\Cell.php(307): App\Cells\ArticleLatest->render(NULL)
#8 C:\laragon\www\nanda\system\View\Cell.php(104): CodeIgniter\View\Cell->renderSimpleClass(Object(App\Cells\ArticleLatest), 'render', Array, 'App\\Cells\\Artic...')
#9 C:\laragon\www\nanda\system\Common.php(1189): CodeIgniter\View\Cell->render('App\\Cells\\Artic...', Array, 0, 'AppCellsArticle...')
#10 C:\laragon\www\nanda\app\Views\template\footer.php(4): view_cell('App\\Cells\\Artic...', Array)
#11 C:\laragon\www\nanda\system\View\View.php(224): include('C:\\laragon\\www\\...')
#12 C:\laragon\www\nanda\system\View\View.php(227): CodeIgniter\View\View->CodeIgniter\View\{closure}()
#13 C:\laragon\www\nanda\system\View\View.php(475): CodeIgniter\View\View->render('template/footer', NULL, true)
#14 C:\laragon\www\nanda\app\Views\home.php(16): CodeIgniter\View\View->include('template/footer')
#15 C:\laragon\www\nanda\system\View\View.php(224): include('C:\\laragon\\www\\...')
#16 C:\laragon\www\nanda\system\View\View.php(227): CodeIgniter\View\View->CodeIgniter\View\{closure}()
#17 C:\laragon\www\nanda\system\Common.php(1173): CodeIgniter\View\View->render('home', Array, true)
#18 C:\laragon\www\nanda\app\Controllers\Page.php(7): view('home', Array)
#19 C:\laragon\www\nanda\system\CodeIgniter.php(933): App\Controllers\Page->home()
#20 C:\laragon\www\nanda\system\CodeIgniter.php(507): CodeIgniter\CodeIgniter->runController(Object(App\Controllers\Page))
#21 C:\laragon\www\nanda\system\CodeIgniter.php(354): CodeIgniter\CodeIgniter->handleRequest(NULL, Object(Config\Cache), false)
#22 C:\laragon\www\nanda\system\Boot.php(334): CodeIgniter\CodeIgniter->run()
#23 C:\laragon\www\nanda\system\Boot.php(67): CodeIgniter\Boot::runCodeIgniter(Object(CodeIgniter\CodeIgniter))
#24 C:\laragon\www\nanda\public\index.php(59): CodeIgniter\Boot::bootWeb(Object(Config\Paths))
#25 C:\laragon\www\nanda\system\rewrite.php(44): require_once('C:\\laragon\\www\\...')
#26 {main}

Next CodeIgniter\Database\Exceptions\DatabaseException: No connection could be made because the target machine actively refused it in C:\laragon\www\nanda\system\Database\MySQLi\Connection.php:246
Stack trace:
#0 C:\laragon\www\nanda\system\Database\BaseConnection.php(421): CodeIgniter\Database\MySQLi\Connection->connect(false)
#1 C:\laragon\www\nanda\system\Database\BaseConnection.php(620): CodeIgniter\Database\BaseConnection->initialize()
#2 C:\laragon\www\nanda\system\Database\BaseBuilder.php(1649): CodeIgniter\Database\BaseConnection->query('SELECT *\nFROM `...', Array, false)
#3 C:\laragon\www\nanda\system\Model.php(286): CodeIgniter\Database\BaseBuilder->get()
#4 C:\laragon\www\nanda\system\BaseModel.php(679): CodeIgniter\Model->doFindAll(0, 0)
#5 C:\laragon\www\nanda\app\Cells\ArticleLatest.php(21): CodeIgniter\BaseModel->findAll()
#6 C:\laragon\www\nanda\system\View\Cell.php(307): App\Cells\ArticleLatest->render(NULL)
#7 C:\laragon\www\nanda\system\View\Cell.php(104): CodeIgniter\View\Cell->renderSimpleClass(Object(App\Cells\ArticleLatest), 'render', Array, 'App\\Cells\\Artic...')
#8 C:\laragon\www\nanda\system\Common.php(1189): CodeIgniter\View\Cell->render('App\\Cells\\Artic...', Array, 0, 'AppCellsArticle...')
#9 C:\laragon\www\nanda\app\Views\template\footer.php(4): view_cell('App\\Cells\\Artic...', Array)
#10 C:\laragon\www\nanda\system\View\View.php(224): include('C:\\laragon\\www\\...')
#11 C:\laragon\www\nanda\system\View\View.php(227): CodeIgniter\View\View->CodeIgniter\View\{closure}()
#12 C:\laragon\www\nanda\system\View\View.php(475): CodeIgniter\View\View->render('template/footer', NULL, true)
#13 C:\laragon\www\nanda\app\Views\home.php(16): CodeIgniter\View\View->include('template/footer')
#14 C:\laragon\www\nanda\system\View\View.php(224): include('C:\\laragon\\www\\...')
#15 C:\laragon\www\nanda\system\View\View.php(227): CodeIgniter\View\View->CodeIgniter\View\{closure}()
#16 C:\laragon\www\nanda\system\Common.php(1173): CodeIgniter\View\View->render('home', Array, true)
#17 C:\laragon\www\nanda\app\Controllers\Page.php(7): view('home', Array)
#18 C:\laragon\www\nanda\system\CodeIgniter.php(933): App\Controllers\Page->home()
#19 C:\laragon\www\nanda\system\CodeIgniter.php(507): CodeIgniter\CodeIgniter->runController(Object(App\Controllers\Page))
#20 C:\laragon\www\nanda\system\CodeIgniter.php(354): CodeIgniter\CodeIgniter->handleRequest(NULL, Object(Config\Cache), false)
#21 C:\laragon\www\nanda\system\Boot.php(334): CodeIgniter\CodeIgniter->run()
#22 C:\laragon\www\nanda\system\Boot.php(67): CodeIgniter\Boot::runCodeIgniter(Object(CodeIgniter\CodeIgniter))
#23 C:\laragon\www\nanda\public\index.php(59): CodeIgniter\Boot::bootWeb(Object(Config\Paths))
#24 C:\laragon\www\nanda\system\rewrite.php(44): require_once('C:\\laragon\\www\\...')
#25 {main}
CRITICAL - 2025-07-03 07:15:36 --> CodeIgniter\Database\Exceptions\DatabaseException: Unable to connect to the database.
Main connection [MySQLi]: No connection could be made because the target machine actively refused it
[Method: GET, Route: /]
in SYSTEMPATH\Database\BaseConnection.php on line 467.
 1 SYSTEMPATH\Database\BaseConnection.php(620): CodeIgniter\Database\BaseConnection->initialize()
 2 SYSTEMPATH\Database\BaseBuilder.php(1649): CodeIgniter\Database\BaseConnection->query('SELECT *
FROM `article`
ORDER BY `created_at` DESC
 LIMIT 5', [], false)
 3 SYSTEMPATH\Model.php(286): CodeIgniter\Database\BaseBuilder->get()
 4 SYSTEMPATH\BaseModel.php(679): CodeIgniter\Model->doFindAll(0, 0)
 5 APPPATH\Cells\ArticleLatest.php(21): CodeIgniter\BaseModel->findAll()
 6 SYSTEMPATH\View\Cell.php(307): App\Cells\ArticleLatest->render(null)
 7 SYSTEMPATH\View\Cell.php(104): CodeIgniter\View\Cell->renderSimpleClass(Object(App\Cells\ArticleLatest), 'render', [...], 'App\\Cells\\ArticleLatest')
 8 SYSTEMPATH\Common.php(1189): CodeIgniter\View\Cell->render('App\\Cells\\ArticleLatest::render', [...], 0, 'AppCellsArticleLatestrendercd0369f38ecc0b16ce1b3606f36d8a61')
 9 APPPATH\Views\template\footer.php(4): view_cell('App\\Cells\\ArticleLatest::render', [...])
10 SYSTEMPATH\View\View.php(224): include('C:\\laragon\\www\\nanda\\app\\Views\\template\\footer.php')
11 SYSTEMPATH\View\View.php(227): CodeIgniter\View\View->CodeIgniter\View\{closure}()
12 SYSTEMPATH\View\View.php(475): CodeIgniter\View\View->render('template/footer', null, true)
13 APPPATH\Views\home.php(16): CodeIgniter\View\View->include('template/footer')
14 SYSTEMPATH\View\View.php(224): include('C:\\laragon\\www\\nanda\\app\\Views\\home.php')
15 SYSTEMPATH\View\View.php(227): CodeIgniter\View\View->CodeIgniter\View\{closure}()
16 SYSTEMPATH\Common.php(1173): CodeIgniter\View\View->render('home', [], true)
17 APPPATH\Controllers\Page.php(7): view('home', [...])
18 SYSTEMPATH\CodeIgniter.php(933): App\Controllers\Page->home()
19 SYSTEMPATH\CodeIgniter.php(507): CodeIgniter\CodeIgniter->runController(Object(App\Controllers\Page))
20 SYSTEMPATH\CodeIgniter.php(354): CodeIgniter\CodeIgniter->handleRequest(null, Object(Config\Cache), false)
21 SYSTEMPATH\Boot.php(334): CodeIgniter\CodeIgniter->run()
22 SYSTEMPATH\Boot.php(67): CodeIgniter\Boot::runCodeIgniter(Object(CodeIgniter\CodeIgniter))
23 FCPATH\index.php(59): CodeIgniter\Boot::bootWeb(Object(Config\Paths))
24 SYSTEMPATH\rewrite.php(44): require_once('C:\\laragon\\www\\nanda\\public\\index.php')
ERROR - 2025-07-03 07:15:52 --> Error connecting to the database: mysqli_sql_exception: No connection could be made because the target machine actively refused it in C:\laragon\www\nanda\system\Database\MySQLi\Connection.php:201
Stack trace:
#0 C:\laragon\www\nanda\system\Database\MySQLi\Connection.php(201): mysqli->real_connect('localhost', 'root', Object(SensitiveParameterValue), 'nanda', 3306, '', 0)
#1 C:\laragon\www\nanda\system\Database\BaseConnection.php(421): CodeIgniter\Database\MySQLi\Connection->connect(false)
#2 C:\laragon\www\nanda\system\Database\BaseConnection.php(620): CodeIgniter\Database\BaseConnection->initialize()
#3 C:\laragon\www\nanda\system\Database\BaseBuilder.php(1649): CodeIgniter\Database\BaseConnection->query('SELECT *\nFROM `...', Array, false)
#4 C:\laragon\www\nanda\system\Model.php(286): CodeIgniter\Database\BaseBuilder->get()
#5 C:\laragon\www\nanda\system\BaseModel.php(679): CodeIgniter\Model->doFindAll(0, 0)
#6 C:\laragon\www\nanda\app\Cells\ArticleLatest.php(21): CodeIgniter\BaseModel->findAll()
#7 C:\laragon\www\nanda\system\View\Cell.php(307): App\Cells\ArticleLatest->render(NULL)
#8 C:\laragon\www\nanda\system\View\Cell.php(104): CodeIgniter\View\Cell->renderSimpleClass(Object(App\Cells\ArticleLatest), 'render', Array, 'App\\Cells\\Artic...')
#9 C:\laragon\www\nanda\system\Common.php(1189): CodeIgniter\View\Cell->render('App\\Cells\\Artic...', Array, 0, 'AppCellsArticle...')
#10 C:\laragon\www\nanda\app\Views\template\footer.php(4): view_cell('App\\Cells\\Artic...', Array)
#11 C:\laragon\www\nanda\system\View\View.php(224): include('C:\\laragon\\www\\...')
#12 C:\laragon\www\nanda\system\View\View.php(227): CodeIgniter\View\View->CodeIgniter\View\{closure}()
#13 C:\laragon\www\nanda\system\View\View.php(475): CodeIgniter\View\View->render('template/footer', NULL, true)
#14 C:\laragon\www\nanda\app\Views\home.php(16): CodeIgniter\View\View->include('template/footer')
#15 C:\laragon\www\nanda\system\View\View.php(224): include('C:\\laragon\\www\\...')
#16 C:\laragon\www\nanda\system\View\View.php(227): CodeIgniter\View\View->CodeIgniter\View\{closure}()
#17 C:\laragon\www\nanda\system\Common.php(1173): CodeIgniter\View\View->render('home', Array, true)
#18 C:\laragon\www\nanda\app\Controllers\Page.php(7): view('home', Array)
#19 C:\laragon\www\nanda\system\CodeIgniter.php(933): App\Controllers\Page->home()
#20 C:\laragon\www\nanda\system\CodeIgniter.php(507): CodeIgniter\CodeIgniter->runController(Object(App\Controllers\Page))
#21 C:\laragon\www\nanda\system\CodeIgniter.php(354): CodeIgniter\CodeIgniter->handleRequest(NULL, Object(Config\Cache), false)
#22 C:\laragon\www\nanda\system\Boot.php(334): CodeIgniter\CodeIgniter->run()
#23 C:\laragon\www\nanda\system\Boot.php(67): CodeIgniter\Boot::runCodeIgniter(Object(CodeIgniter\CodeIgniter))
#24 C:\laragon\www\nanda\public\index.php(59): CodeIgniter\Boot::bootWeb(Object(Config\Paths))
#25 C:\laragon\www\nanda\system\rewrite.php(44): require_once('C:\\laragon\\www\\...')
#26 {main}

Next CodeIgniter\Database\Exceptions\DatabaseException: No connection could be made because the target machine actively refused it in C:\laragon\www\nanda\system\Database\MySQLi\Connection.php:246
Stack trace:
#0 C:\laragon\www\nanda\system\Database\BaseConnection.php(421): CodeIgniter\Database\MySQLi\Connection->connect(false)
#1 C:\laragon\www\nanda\system\Database\BaseConnection.php(620): CodeIgniter\Database\BaseConnection->initialize()
#2 C:\laragon\www\nanda\system\Database\BaseBuilder.php(1649): CodeIgniter\Database\BaseConnection->query('SELECT *\nFROM `...', Array, false)
#3 C:\laragon\www\nanda\system\Model.php(286): CodeIgniter\Database\BaseBuilder->get()
#4 C:\laragon\www\nanda\system\BaseModel.php(679): CodeIgniter\Model->doFindAll(0, 0)
#5 C:\laragon\www\nanda\app\Cells\ArticleLatest.php(21): CodeIgniter\BaseModel->findAll()
#6 C:\laragon\www\nanda\system\View\Cell.php(307): App\Cells\ArticleLatest->render(NULL)
#7 C:\laragon\www\nanda\system\View\Cell.php(104): CodeIgniter\View\Cell->renderSimpleClass(Object(App\Cells\ArticleLatest), 'render', Array, 'App\\Cells\\Artic...')
#8 C:\laragon\www\nanda\system\Common.php(1189): CodeIgniter\View\Cell->render('App\\Cells\\Artic...', Array, 0, 'AppCellsArticle...')
#9 C:\laragon\www\nanda\app\Views\template\footer.php(4): view_cell('App\\Cells\\Artic...', Array)
#10 C:\laragon\www\nanda\system\View\View.php(224): include('C:\\laragon\\www\\...')
#11 C:\laragon\www\nanda\system\View\View.php(227): CodeIgniter\View\View->CodeIgniter\View\{closure}()
#12 C:\laragon\www\nanda\system\View\View.php(475): CodeIgniter\View\View->render('template/footer', NULL, true)
#13 C:\laragon\www\nanda\app\Views\home.php(16): CodeIgniter\View\View->include('template/footer')
#14 C:\laragon\www\nanda\system\View\View.php(224): include('C:\\laragon\\www\\...')
#15 C:\laragon\www\nanda\system\View\View.php(227): CodeIgniter\View\View->CodeIgniter\View\{closure}()
#16 C:\laragon\www\nanda\system\Common.php(1173): CodeIgniter\View\View->render('home', Array, true)
#17 C:\laragon\www\nanda\app\Controllers\Page.php(7): view('home', Array)
#18 C:\laragon\www\nanda\system\CodeIgniter.php(933): App\Controllers\Page->home()
#19 C:\laragon\www\nanda\system\CodeIgniter.php(507): CodeIgniter\CodeIgniter->runController(Object(App\Controllers\Page))
#20 C:\laragon\www\nanda\system\CodeIgniter.php(354): CodeIgniter\CodeIgniter->handleRequest(NULL, Object(Config\Cache), false)
#21 C:\laragon\www\nanda\system\Boot.php(334): CodeIgniter\CodeIgniter->run()
#22 C:\laragon\www\nanda\system\Boot.php(67): CodeIgniter\Boot::runCodeIgniter(Object(CodeIgniter\CodeIgniter))
#23 C:\laragon\www\nanda\public\index.php(59): CodeIgniter\Boot::bootWeb(Object(Config\Paths))
#24 C:\laragon\www\nanda\system\rewrite.php(44): require_once('C:\\laragon\\www\\...')
#25 {main}
CRITICAL - 2025-07-03 07:15:52 --> CodeIgniter\Database\Exceptions\DatabaseException: Unable to connect to the database.
Main connection [MySQLi]: No connection could be made because the target machine actively refused it
[Method: GET, Route: /]
in SYSTEMPATH\Database\BaseConnection.php on line 467.
 1 SYSTEMPATH\Database\BaseConnection.php(620): CodeIgniter\Database\BaseConnection->initialize()
 2 SYSTEMPATH\Database\BaseBuilder.php(1649): CodeIgniter\Database\BaseConnection->query('SELECT *
FROM `article`
ORDER BY `created_at` DESC
 LIMIT 5', [], false)
 3 SYSTEMPATH\Model.php(286): CodeIgniter\Database\BaseBuilder->get()
 4 SYSTEMPATH\BaseModel.php(679): CodeIgniter\Model->doFindAll(0, 0)
 5 APPPATH\Cells\ArticleLatest.php(21): CodeIgniter\BaseModel->findAll()
 6 SYSTEMPATH\View\Cell.php(307): App\Cells\ArticleLatest->render(null)
 7 SYSTEMPATH\View\Cell.php(104): CodeIgniter\View\Cell->renderSimpleClass(Object(App\Cells\ArticleLatest), 'render', [...], 'App\\Cells\\ArticleLatest')
 8 SYSTEMPATH\Common.php(1189): CodeIgniter\View\Cell->render('App\\Cells\\ArticleLatest::render', [...], 0, 'AppCellsArticleLatestrendercd0369f38ecc0b16ce1b3606f36d8a61')
 9 APPPATH\Views\template\footer.php(4): view_cell('App\\Cells\\ArticleLatest::render', [...])
10 SYSTEMPATH\View\View.php(224): include('C:\\laragon\\www\\nanda\\app\\Views\\template\\footer.php')
11 SYSTEMPATH\View\View.php(227): CodeIgniter\View\View->CodeIgniter\View\{closure}()
12 SYSTEMPATH\View\View.php(475): CodeIgniter\View\View->render('template/footer', null, true)
13 APPPATH\Views\home.php(16): CodeIgniter\View\View->include('template/footer')
14 SYSTEMPATH\View\View.php(224): include('C:\\laragon\\www\\nanda\\app\\Views\\home.php')
15 SYSTEMPATH\View\View.php(227): CodeIgniter\View\View->CodeIgniter\View\{closure}()
16 SYSTEMPATH\Common.php(1173): CodeIgniter\View\View->render('home', [], true)
17 APPPATH\Controllers\Page.php(7): view('home', [...])
18 SYSTEMPATH\CodeIgniter.php(933): App\Controllers\Page->home()
19 SYSTEMPATH\CodeIgniter.php(507): CodeIgniter\CodeIgniter->runController(Object(App\Controllers\Page))
20 SYSTEMPATH\CodeIgniter.php(354): CodeIgniter\CodeIgniter->handleRequest(null, Object(Config\Cache), false)
21 SYSTEMPATH\Boot.php(334): CodeIgniter\CodeIgniter->run()
22 SYSTEMPATH\Boot.php(67): CodeIgniter\Boot::runCodeIgniter(Object(CodeIgniter\CodeIgniter))
23 FCPATH\index.php(59): CodeIgniter\Boot::bootWeb(Object(Config\Paths))
24 SYSTEMPATH\rewrite.php(44): require_once('C:\\laragon\\www\\nanda\\public\\index.php')
DEBUG - 2025-07-03 07:16:58 --> Session: Class initialized using 'CodeIgniter\Session\Handlers\FileHandler' driver.
DEBUG - 2025-07-03 07:16:58 --> Session: Class initialized using 'CodeIgniter\Session\Handlers\FileHandler' driver.
DEBUG - 2025-07-03 07:17:03 --> Session: Class initialized using 'CodeIgniter\Session\Handlers\FileHandler' driver.
DEBUG - 2025-07-03 07:17:03 --> Session: Class initialized using 'CodeIgniter\Session\Handlers\FileHandler' driver.
DEBUG - 2025-07-03 07:17:13 --> Session: Class initialized using 'CodeIgniter\Session\Handlers\FileHandler' driver.
DEBUG - 2025-07-03 07:17:23 --> Session: Class initialized using 'CodeIgniter\Session\Handlers\FileHandler' driver.
DEBUG - 2025-07-03 07:17:33 --> Session: Class initialized using 'CodeIgniter\Session\Handlers\FileHandler' driver.
DEBUG - 2025-07-03 07:17:43 --> Session: Class initialized using 'CodeIgniter\Session\Handlers\FileHandler' driver.
DEBUG - 2025-07-03 07:17:53 --> Session: Class initialized using 'CodeIgniter\Session\Handlers\FileHandler' driver.
DEBUG - 2025-07-03 07:18:03 --> Session: Class initialized using 'CodeIgniter\Session\Handlers\FileHandler' driver.
DEBUG - 2025-07-03 07:18:13 --> Session: Class initialized using 'CodeIgniter\Session\Handlers\FileHandler' driver.
DEBUG - 2025-07-03 07:18:23 --> Session: Class initialized using 'CodeIgniter\Session\Handlers\FileHandler' driver.
DEBUG - 2025-07-03 07:18:33 --> Session: Class initialized using 'CodeIgniter\Session\Handlers\FileHandler' driver.
DEBUG - 2025-07-03 07:18:43 --> Session: Class initialized using 'CodeIgniter\Session\Handlers\FileHandler' driver.
DEBUG - 2025-07-03 07:18:53 --> Session: Class initialized using 'CodeIgniter\Session\Handlers\FileHandler' driver.
DEBUG - 2025-07-03 07:19:03 --> Session: Class initialized using 'CodeIgniter\Session\Handlers\FileHandler' driver.
DEBUG - 2025-07-03 07:19:13 --> Session: Class initialized using 'CodeIgniter\Session\Handlers\FileHandler' driver.
DEBUG - 2025-07-03 07:19:23 --> Session: Class initialized using 'CodeIgniter\Session\Handlers\FileHandler' driver.
DEBUG - 2025-07-03 07:19:33 --> Session: Class initialized using 'CodeIgniter\Session\Handlers\FileHandler' driver.
DEBUG - 2025-07-03 07:19:43 --> Session: Class initialized using 'CodeIgniter\Session\Handlers\FileHandler' driver.
DEBUG - 2025-07-03 07:19:53 --> Session: Class initialized using 'CodeIgniter\Session\Handlers\FileHandler' driver.
DEBUG - 2025-07-03 07:20:03 --> Session: Class initialized using 'CodeIgniter\Session\Handlers\FileHandler' driver.
DEBUG - 2025-07-03 07:20:13 --> Session: Class initialized using 'CodeIgniter\Session\Handlers\FileHandler' driver.
DEBUG - 2025-07-03 07:20:23 --> Session: Class initialized using 'CodeIgniter\Session\Handlers\FileHandler' driver.
DEBUG - 2025-07-03 07:20:34 --> Session: Class initialized using 'CodeIgniter\Session\Handlers\FileHandler' driver.
DEBUG - 2025-07-03 07:20:44 --> Session: Class initialized using 'CodeIgniter\Session\Handlers\FileHandler' driver.
DEBUG - 2025-07-03 07:20:54 --> Session: Class initialized using 'CodeIgniter\Session\Handlers\FileHandler' driver.
DEBUG - 2025-07-03 07:21:04 --> Session: Class initialized using 'CodeIgniter\Session\Handlers\FileHandler' driver.
DEBUG - 2025-07-03 07:21:14 --> Session: Class initialized using 'CodeIgniter\Session\Handlers\FileHandler' driver.
DEBUG - 2025-07-03 07:21:24 --> Session: Class initialized using 'CodeIgniter\Session\Handlers\FileHandler' driver.
DEBUG - 2025-07-03 07:21:56 --> Session: Class initialized using 'CodeIgniter\Session\Handlers\FileHandler' driver.
DEBUG - 2025-07-03 07:22:01 --> Session: Class initialized using 'CodeIgniter\Session\Handlers\FileHandler' driver.
DEBUG - 2025-07-03 07:22:12 --> Session: Class initialized using 'CodeIgniter\Session\Handlers\FileHandler' driver.
DEBUG - 2025-07-03 07:22:22 --> Session: Class initialized using 'CodeIgniter\Session\Handlers\FileHandler' driver.
DEBUG - 2025-07-03 07:22:32 --> Session: Class initialized using 'CodeIgniter\Session\Handlers\FileHandler' driver.
DEBUG - 2025-07-03 07:22:42 --> Session: Class initialized using 'CodeIgniter\Session\Handlers\FileHandler' driver.
DEBUG - 2025-07-03 07:22:52 --> Session: Class initialized using 'CodeIgniter\Session\Handlers\FileHandler' driver.
DEBUG - 2025-07-03 07:23:02 --> Session: Class initialized using 'CodeIgniter\Session\Handlers\FileHandler' driver.
DEBUG - 2025-07-03 07:23:09 --> Session: Class initialized using 'CodeIgniter\Session\Handlers\FileHandler' driver.
DEBUG - 2025-07-03 07:23:11 --> Session: Class initialized using 'CodeIgniter\Session\Handlers\FileHandler' driver.
DEBUG - 2025-07-03 07:23:22 --> Session: Class initialized using 'CodeIgniter\Session\Handlers\FileHandler' driver.
DEBUG - 2025-07-03 07:23:32 --> Session: Class initialized using 'CodeIgniter\Session\Handlers\FileHandler' driver.
DEBUG - 2025-07-03 07:23:42 --> Session: Class initialized using 'CodeIgniter\Session\Handlers\FileHandler' driver.
DEBUG - 2025-07-03 07:23:52 --> Session: Class initialized using 'CodeIgniter\Session\Handlers\FileHandler' driver.
DEBUG - 2025-07-03 07:24:02 --> Session: Class initialized using 'CodeIgniter\Session\Handlers\FileHandler' driver.
DEBUG - 2025-07-03 07:24:12 --> Session: Class initialized using 'CodeIgniter\Session\Handlers\FileHandler' driver.
DEBUG - 2025-07-03 07:24:22 --> Session: Class initialized using 'CodeIgniter\Session\Handlers\FileHandler' driver.
DEBUG - 2025-07-03 07:24:32 --> Session: Class initialized using 'CodeIgniter\Session\Handlers\FileHandler' driver.
DEBUG - 2025-07-03 07:24:42 --> Session: Class initialized using 'CodeIgniter\Session\Handlers\FileHandler' driver.
DEBUG - 2025-07-03 07:24:52 --> Session: Class initialized using 'CodeIgniter\Session\Handlers\FileHandler' driver.
DEBUG - 2025-07-03 07:25:02 --> Session: Class initialized using 'CodeIgniter\Session\Handlers\FileHandler' driver.
DEBUG - 2025-07-03 07:25:12 --> Session: Class initialized using 'CodeIgniter\Session\Handlers\FileHandler' driver.
DEBUG - 2025-07-03 07:25:22 --> Session: Class initialized using 'CodeIgniter\Session\Handlers\FileHandler' driver.
DEBUG - 2025-07-03 07:25:32 --> Session: Class initialized using 'CodeIgniter\Session\Handlers\FileHandler' driver.
DEBUG - 2025-07-03 07:25:42 --> Session: Class initialized using 'CodeIgniter\Session\Handlers\FileHandler' driver.
DEBUG - 2025-07-03 07:27:03 --> Session: Class initialized using 'CodeIgniter\Session\Handlers\FileHandler' driver.
DEBUG - 2025-07-03 07:27:14 --> Session: Class initialized using 'CodeIgniter\Session\Handlers\FileHandler' driver.
DEBUG - 2025-07-03 07:27:25 --> Session: Class initialized using 'CodeIgniter\Session\Handlers\FileHandler' driver.
DEBUG - 2025-07-03 07:27:26 --> Session: Class initialized using 'CodeIgniter\Session\Handlers\FileHandler' driver.
DEBUG - 2025-07-03 07:27:26 --> Session: Class initialized using 'CodeIgniter\Session\Handlers\FileHandler' driver.
DEBUG - 2025-07-03 07:27:32 --> Session: Class initialized using 'CodeIgniter\Session\Handlers\FileHandler' driver.
DEBUG - 2025-07-03 07:27:42 --> Session: Class initialized using 'CodeIgniter\Session\Handlers\FileHandler' driver.
DEBUG - 2025-07-03 07:27:53 --> Session: Class initialized using 'CodeIgniter\Session\Handlers\FileHandler' driver.
DEBUG - 2025-07-03 07:28:03 --> Session: Class initialized using 'CodeIgniter\Session\Handlers\FileHandler' driver.
DEBUG - 2025-07-03 07:29:25 --> Session: Class initialized using 'CodeIgniter\Session\Handlers\FileHandler' driver.
DEBUG - 2025-07-03 07:29:27 --> Session: Class initialized using 'CodeIgniter\Session\Handlers\FileHandler' driver.
DEBUG - 2025-07-03 07:29:37 --> Session: Class initialized using 'CodeIgniter\Session\Handlers\FileHandler' driver.
DEBUG - 2025-07-03 07:29:45 --> Session: Class initialized using 'CodeIgniter\Session\Handlers\FileHandler' driver.
DEBUG - 2025-07-03 07:29:55 --> Session: Class initialized using 'CodeIgniter\Session\Handlers\FileHandler' driver.
DEBUG - 2025-07-03 07:30:05 --> Session: Class initialized using 'CodeIgniter\Session\Handlers\FileHandler' driver.
DEBUG - 2025-07-03 07:30:15 --> Session: Class initialized using 'CodeIgniter\Session\Handlers\FileHandler' driver.
DEBUG - 2025-07-03 07:30:19 --> Session: Class initialized using 'CodeIgniter\Session\Handlers\FileHandler' driver.
DEBUG - 2025-07-03 07:30:29 --> Session: Class initialized using 'CodeIgniter\Session\Handlers\FileHandler' driver.
DEBUG - 2025-07-03 07:30:34 --> Session: Class initialized using 'CodeIgniter\Session\Handlers\FileHandler' driver.
DEBUG - 2025-07-03 07:30:44 --> Session: Class initialized using 'CodeIgniter\Session\Handlers\FileHandler' driver.
DEBUG - 2025-07-03 07:30:54 --> Session: Class initialized using 'CodeIgniter\Session\Handlers\FileHandler' driver.
DEBUG - 2025-07-03 07:30:55 --> Session: Class initialized using 'CodeIgniter\Session\Handlers\FileHandler' driver.
DEBUG - 2025-07-03 07:30:57 --> Session: Class initialized using 'CodeIgniter\Session\Handlers\FileHandler' driver.
DEBUG - 2025-07-03 07:31:08 --> Session: Class initialized using 'CodeIgniter\Session\Handlers\FileHandler' driver.
DEBUG - 2025-07-03 07:31:18 --> Session: Class initialized using 'CodeIgniter\Session\Handlers\FileHandler' driver.
DEBUG - 2025-07-03 07:31:28 --> Session: Class initialized using 'CodeIgniter\Session\Handlers\FileHandler' driver.
DEBUG - 2025-07-03 07:31:38 --> Session: Class initialized using 'CodeIgniter\Session\Handlers\FileHandler' driver.
DEBUG - 2025-07-03 07:31:48 --> Session: Class initialized using 'CodeIgniter\Session\Handlers\FileHandler' driver.
DEBUG - 2025-07-03 07:31:52 --> Session: Class initialized using 'CodeIgniter\Session\Handlers\FileHandler' driver.
DEBUG - 2025-07-03 07:31:52 --> Session: Class initialized using 'CodeIgniter\Session\Handlers\FileHandler' driver.
DEBUG - 2025-07-03 07:32:02 --> Session: Class initialized using 'CodeIgniter\Session\Handlers\FileHandler' driver.
